<?xml version="1.0" encoding="UTF-8"?>
<!-- Generated by org.testng.reporters.JUnitReportReporter -->
<testsuite hostname="Aiazs-MacBook-Pro.local" failures="0" tests="1" name="FirstTest" time="5.850" errors="0" timestamp="2024-07-11T05:54:48 EDT" skipped="0">
  <testcase classname="FirstTest" name="testLogin" time="5.850"/>
  <system-out/>
</testsuite> <!-- FirstTest -->
